#
# A fatal error has been detected by the Java Runtime Environment:
#
#  EXCEPTION_ACCESS_VIOLATION (0xc0000005) at pc=0x206e6565, pid=28960, tid=0x00008ab4
#
# JRE version: Java(TM) SE Runtime Environment (8.0_131-b11) (build 1.8.0_131-b11)
# Java VM: Java HotSpot(TM) Client VM (25.131-b11 mixed mode windows-x86 )
# Problematic frame:
# C  0x206e6565
#
# Failed to write core dump. Minidumps are not enabled by default on client versions of Windows
#
# If you would like to submit a bug report, please visit:
#   http://bugreport.java.com/bugreport/crash.jsp
# The crash happened outside the Java Virtual Machine in native code.
# See problematic frame for where to report the bug.
#

---------------  T H R E A D  ---------------

Current thread (0x15453400):  JavaThread "Thread-4" [_thread_in_native, id=35508, stack(0x18130000,0x18180000)]

siginfo: ExceptionCode=0xc0000005, ExceptionInformation=0x00000008 0x206e6565

Registers:
EAX=0x20666f20, EBX=0x5ff66e30, ECX=0x749498b0, EDX=0x20666f20
ESP=0x1817f150, EBP=0x20656765, ESI=0x17e63f30, EDI=0x15453400
EIP=0x206e6565, EFLAGS=0x00010216

Top of Stack: (sp=0x1817f150)
0x1817f150:   7264706f 74686361 6e617620 6e656520
0x1817f160:   656f7420 73736170 2e676e69 000a0a0d
0x1817f170:   000007a0 000007a0 749404ed 1817f1a0
0x1817f180:   76f2952c 5d4ff892 1817f1a8 749db50a
0x1817f190:   000007a0 17e63f30 15453400 5ff66e30
0x1817f1a0:   00000000 00000004 1817f428 17f65169
0x1817f1b0:   0000068c 1817f424 1817f438 17f65169
0x1817f1c0:   0000068c 1817f434 00000000 00000000 

Instructions: (pc=0x206e6565)
0x206e6545:   
[error occurred during error reporting (printing registers, top of stack, instructions near pc), id 0xc0000005]

Register to memory mapping:

EAX=0x20666f20 is an unknown value
EBX=0x5ff66e30 is an unknown value
ECX=0x749498b0 is an unknown value
EDX=0x20666f20 is an unknown value
ESP=0x1817f150 is pointing into the stack for thread: 0x15453400
EBP=0x20656765 is an unknown value
ESI={method} {0x17e63f34} 'eventLoop' '()V' in 'gnu/io/RXTXPort'
EDI=0x15453400 is a thread


Stack: [0x18130000,0x18180000],  sp=0x1817f150,  free space=316k
Native frames: (J=compiled Java code, j=interpreted, Vv=VM code, C=native code)
C  0x206e6565

Java frames: (J=compiled Java code, j=interpreted, Vv=VM code)
j  gnu.io.RXTXPort.eventLoop()V+0
j  gnu.io.RXTXPort$MonitorThread.run()V+12
v  ~StubRoutines::call_stub

---------------  P R O C E S S  ---------------

Java Threads: ( => current thread )
  0x15c18800 JavaThread "Abandoned connection cleanup thread" daemon [_thread_blocked, id=32588, stack(0x18250000,0x182a0000)]
  0x15c19400 JavaThread "Thread-5" [_thread_blocked, id=40996, stack(0x181c0000,0x18210000)]
=>0x15453400 JavaThread "Thread-4" [_thread_in_native, id=35508, stack(0x18130000,0x18180000)]
  0x15c12800 JavaThread "Thread-3" [_thread_blocked, id=41900, stack(0x180a0000,0x180f0000)]
  0x15bff800 JavaThread "Thread-2" [_thread_in_native, id=41952, stack(0x17ff0000,0x18040000)]
  0x029cd000 JavaThread "DestroyJavaVM" [_thread_blocked, id=41848, stack(0x02770000,0x027c0000)]
  0x15b6d800 JavaThread "TimerQueue" daemon [_thread_blocked, id=41792, stack(0x16d30000,0x16d80000)]
  0x15b68400 JavaThread "AWT-EventQueue-0" [_thread_blocked, id=36344, stack(0x16ca0000,0x16cf0000)]
  0x15ad3000 JavaThread "AWT-Windows" daemon [_thread_in_native, id=36300, stack(0x16130000,0x16180000)]
  0x15ad2400 JavaThread "AWT-Shutdown" [_thread_blocked, id=41980, stack(0x160a0000,0x160f0000)]
  0x15ad1800 JavaThread "Java2D Disposer" daemon [_thread_blocked, id=41344, stack(0x16010000,0x16060000)]
  0x15349c00 JavaThread "Service Thread" daemon [_thread_blocked, id=41300, stack(0x158b0000,0x15900000)]
  0x1530e800 JavaThread "C1 CompilerThread0" daemon [_thread_blocked, id=41524, stack(0x15820000,0x15870000)]
  0x1530d000 JavaThread "Monitor Ctrl-Break" daemon [_thread_in_native, id=41508, stack(0x15790000,0x157e0000)]
  0x15299400 JavaThread "Attach Listener" daemon [_thread_blocked, id=35000, stack(0x156f0000,0x15740000)]
  0x15297400 JavaThread "Signal Dispatcher" daemon [_thread_blocked, id=39264, stack(0x15660000,0x156b0000)]
  0x1527b400 JavaThread "Finalizer" daemon [_thread_blocked, id=34772, stack(0x154b0000,0x15500000)]
  0x15265800 JavaThread "Reference Handler" daemon [_thread_blocked, id=33088, stack(0x15460000,0x154b0000)]

Other Threads:
  0x02c1e800 VMThread [stack: 0x04d30000,0x04d80000] [id=41828]
  0x1537d400 WatcherThread [stack: 0x15a50000,0x15aa0000] [id=41496]

VM state:not at safepoint (normal execution)

VM Mutex/Monitor currently owned by a thread: None

Heap:
 def new generation   total 4928K, used 2210K [0x04e00000, 0x05350000, 0x0a350000)
  eden space 4416K,  43% used [0x04e00000, 0x04fe3a60, 0x05250000)
  from space 512K,  53% used [0x052d0000, 0x05314ec8, 0x05350000)
  to   space 512K,   0% used [0x05250000, 0x05250000, 0x052d0000)
 tenured generation   total 10944K, used 10168K [0x0a350000, 0x0ae00000, 0x14e00000)
   the space 10944K,  92% used [0x0a350000, 0x0ad3e130, 0x0ad3e200, 0x0ae00000)
 Metaspace       used 9671K, capacity 9905K, committed 9984K, reserved 10624K

Card table byte_map: [0x04ca0000,0x04d30000] byte_map_base: 0x04c79000

Polling page: 0x027e0000

CodeCache: size=32768Kb used=1704Kb max_used=1704Kb free=31063Kb
 bounds [0x02c20000, 0x02dd0000, 0x04c20000]
 total_blobs=983 nmethods=744 adapters=170
 compilation: enabled

Compilation events (10 events):
Event: 29.296 Thread 0x1530e800  745             sun.awt.SunHints$Value::get (8 bytes)
Event: 29.296 Thread 0x1530e800 nmethod 745 0x02dc9448 code [0x02dc9540, 0x02dc95f0]
Event: 29.298 Thread 0x1530e800  746  s          sun.java2d.loops.RenderCache::get (100 bytes)
Event: 29.298 Thread 0x1530e800 nmethod 746 0x02dc9708 code [0x02dc9830, 0x02dc9c0c]
Event: 30.094 Thread 0x1530e800  747             javax.swing.text.View::getElement (5 bytes)
Event: 30.094 Thread 0x1530e800 nmethod 747 0x02dc9f08 code [0x02dca000, 0x02dca080]
Event: 30.095 Thread 0x1530e800  748             sun.awt.image.PixelConverter$Xrgb::rgbToPixel (2 bytes)
Event: 30.095 Thread 0x1530e800 nmethod 748 0x02dca0c8 code [0x02dca1c0, 0x02dca240]
Event: 30.099 Thread 0x1530e800  749   !         sun.font.FontStrikeDesc::equals (53 bytes)
Event: 30.099 Thread 0x1530e800 nmethod 749 0x02dca288 code [0x02dca3a0, 0x02dca508]

GC Heap History (10 events):
Event: 5.727 GC heap before
{Heap before GC invocations=4 (full 0):
 def new generation   total 4928K, used 4928K [0x04e00000, 0x05350000, 0x0a350000)
  eden space 4416K, 100% used [0x04e00000, 0x05250000, 0x05250000)
  from space 512K, 100% used [0x05250000, 0x052d0000, 0x052d0000)
  to   space 512K,   0% used [0x052d0000, 0x052d0000, 0x05350000)
 tenured generation   total 10944K, used 6772K [0x0a350000, 0x0ae00000, 0x14e00000)
   the space 10944K,  61% used [0x0a350000, 0x0a9ed298, 0x0a9ed400, 0x0ae00000)
 Metaspace       used 8937K, capacity 9130K, committed 9216K, reserved 9600K
Event: 5.729 GC heap after
Heap after GC invocations=5 (full 0):
 def new generation   total 4928K, used 512K [0x04e00000, 0x05350000, 0x0a350000)
  eden space 4416K,   0% used [0x04e00000, 0x04e00000, 0x05250000)
  from space 512K, 100% used [0x052d0000, 0x05350000, 0x05350000)
  to   space 512K,   0% used [0x05250000, 0x05250000, 0x052d0000)
 tenured generation   total 10944K, used 7454K [0x0a350000, 0x0ae00000, 0x14e00000)
   the space 10944K,  68% used [0x0a350000, 0x0aa97a48, 0x0aa97c00, 0x0ae00000)
 Metaspace       used 8937K, capacity 9130K, committed 9216K, reserved 9600K
}
Event: 5.879 GC heap before
{Heap before GC invocations=5 (full 0):
 def new generation   total 4928K, used 4928K [0x04e00000, 0x05350000, 0x0a350000)
  eden space 4416K, 100% used [0x04e00000, 0x05250000, 0x05250000)
  from space 512K, 100% used [0x052d0000, 0x05350000, 0x05350000)
  to   space 512K,   0% used [0x05250000, 0x05250000, 0x052d0000)
 tenured generation   total 10944K, used 7454K [0x0a350000, 0x0ae00000, 0x14e00000)
   the space 10944K,  68% used [0x0a350000, 0x0aa97a48, 0x0aa97c00, 0x0ae00000)
 Metaspace       used 9462K, capacity 9681K, committed 9728K, reserved 10624K
Event: 5.882 GC heap after
Heap after GC invocations=6 (full 0):
 def new generation   total 4928K, used 512K [0x04e00000, 0x05350000, 0x0a350000)
  eden space 4416K,   0% used [0x04e00000, 0x04e00000, 0x05250000)
  from space 512K, 100% used [0x05250000, 0x052d0000, 0x052d0000)
  to   space 512K,   0% used [0x052d0000, 0x052d0000, 0x05350000)
 tenured generation   total 10944K, used 8724K [0x0a350000, 0x0ae00000, 0x14e00000)
   the space 10944K,  79% used [0x0a350000, 0x0abd50c0, 0x0abd5200, 0x0ae00000)
 Metaspace       used 9462K, capacity 9681K, committed 9728K, reserved 10624K
}
Event: 6.055 GC heap before
{Heap before GC invocations=6 (full 0):
 def new generation   total 4928K, used 4928K [0x04e00000, 0x05350000, 0x0a350000)
  eden space 4416K, 100% used [0x04e00000, 0x05250000, 0x05250000)
  from space 512K, 100% used [0x05250000, 0x052d0000, 0x052d0000)
  to   space 512K,   0% used [0x052d0000, 0x052d0000, 0x05350000)
 tenured generation   total 10944K, used 8724K [0x0a350000, 0x0ae00000, 0x14e00000)
   the space 10944K,  79% used [0x0a350000, 0x0abd50c0, 0x0abd5200, 0x0ae00000)
 Metaspace       used 9652K, capacity 9873K, committed 9984K, reserved 10624K
Event: 6.058 GC heap after
Heap after GC invocations=7 (full 0):
 def new generation   total 4928K, used 490K [0x04e00000, 0x05350000, 0x0a350000)
  eden space 4416K,   0% used [0x04e00000, 0x04e00000, 0x05250000)
  from space 512K,  95% used [0x052d0000, 0x0534a8d0, 0x05350000)
  to   space 512K,   0% used [0x05250000, 0x05250000, 0x052d0000)
 tenured generation   total 10944K, used 9235K [0x0a350000, 0x0ae00000, 0x14e00000)
   the space 10944K,  84% used [0x0a350000, 0x0ac54e00, 0x0ac54e00, 0x0ae00000)
 Metaspace       used 9652K, capacity 9873K, committed 9984K, reserved 10624K
}
Event: 6.137 GC heap before
{Heap before GC invocations=7 (full 0):
 def new generation   total 4928K, used 4906K [0x04e00000, 0x05350000, 0x0a350000)
  eden space 4416K, 100% used [0x04e00000, 0x05250000, 0x05250000)
  from space 512K,  95% used [0x052d0000, 0x0534a8d0, 0x05350000)
  to   space 512K,   0% used [0x05250000, 0x05250000, 0x052d0000)
 tenured generation   total 10944K, used 9235K [0x0a350000, 0x0ae00000, 0x14e00000)
   the space 10944K,  84% used [0x0a350000, 0x0ac54e00, 0x0ac54e00, 0x0ae00000)
 Metaspace       used 9667K, capacity 9905K, committed 9984K, reserved 10624K
Event: 6.139 GC heap after
Heap after GC invocations=8 (full 0):
 def new generation   total 4928K, used 512K [0x04e00000, 0x05350000, 0x0a350000)
  eden space 4416K,   0% used [0x04e00000, 0x04e00000, 0x05250000)
  from space 512K, 100% used [0x05250000, 0x052d0000, 0x052d0000)
  to   space 512K,   0% used [0x052d0000, 0x052d0000, 0x05350000)
 tenured generation   total 10944K, used 9675K [0x0a350000, 0x0ae00000, 0x14e00000)
   the space 10944K,  88% used [0x0a350000, 0x0acc2f98, 0x0acc3000, 0x0ae00000)
 Metaspace       used 9667K, capacity 9905K, committed 9984K, reserved 10624K
}
Event: 18.053 GC heap before
{Heap before GC invocations=8 (full 0):
 def new generation   total 4928K, used 4928K [0x04e00000, 0x05350000, 0x0a350000)
  eden space 4416K, 100% used [0x04e00000, 0x05250000, 0x05250000)
  from space 512K, 100% used [0x05250000, 0x052d0000, 0x052d0000)
  to   space 512K,   0% used [0x052d0000, 0x052d0000, 0x05350000)
 tenured generation   total 10944K, used 9675K [0x0a350000, 0x0ae00000, 0x14e00000)
   the space 10944K,  88% used [0x0a350000, 0x0acc2f98, 0x0acc3000, 0x0ae00000)
 Metaspace       used 9671K, capacity 9905K, committed 9984K, reserved 10624K
Event: 18.055 GC heap after
Heap after GC invocations=9 (full 0):
 def new generation   total 4928K, used 275K [0x04e00000, 0x05350000, 0x0a350000)
  eden space 4416K,   0% used [0x04e00000, 0x04e00000, 0x05250000)
  from space 512K,  53% used [0x052d0000, 0x05314ec8, 0x05350000)
  to   space 512K,   0% used [0x05250000, 0x05250000, 0x052d0000)
 tenured generation   total 10944K, used 10168K [0x0a350000, 0x0ae00000, 0x14e00000)
   the space 10944K,  92% used [0x0a350000, 0x0ad3e130, 0x0ad3e200, 0x0ae00000)
 Metaspace       used 9671K, capacity 9905K, committed 9984K, reserved 10624K
}

Deoptimization events (0 events):
No events

Internal exceptions (10 events):
Event: 3.577 Thread 0x15b68400 Exception <a 'java/io/FileNotFoundException'> (0x04e486d0) thrown at [C:\re\workspace\8-2-build-windows-i586-cygwin\jdk8u131\8869\hotspot\src\share\vm\prims\jni.cpp, line 709]
Event: 3.579 Thread 0x15b68400 Exception <a 'java/io/FileNotFoundException'> (0x04e6de08) thrown at [C:\re\workspace\8-2-build-windows-i586-cygwin\jdk8u131\8869\hotspot\src\share\vm\prims\jni.cpp, line 709]
Event: 5.612 Thread 0x15b68400 Exception <a 'java/lang/ArrayIndexOutOfBoundsException': 18> (0x04ec4070) thrown at [C:\re\workspace\8-2-build-windows-i586-cygwin\jdk8u131\8869\hotspot\src\share\vm\interpreter\interpreterRuntime.cpp, line 366]
Event: 5.612 Thread 0x15b68400 Exception <a 'java/lang/ArrayIndexOutOfBoundsException': 139> (0x04ec64c8) thrown at [C:\re\workspace\8-2-build-windows-i586-cygwin\jdk8u131\8869\hotspot\src\share\vm\interpreter\interpreterRuntime.cpp, line 366]
Event: 5.613 Thread 0x15b68400 Exception <a 'java/lang/ArrayIndexOutOfBoundsException': 67> (0x04ed1410) thrown at [C:\re\workspace\8-2-build-windows-i586-cygwin\jdk8u131\8869\hotspot\src\share\vm\interpreter\interpreterRuntime.cpp, line 366]
Event: 5.613 Thread 0x15b68400 Exception <a 'java/lang/ArrayIndexOutOfBoundsException': 65> (0x04ed28b0) thrown at [C:\re\workspace\8-2-build-windows-i586-cygwin\jdk8u131\8869\hotspot\src\share\vm\interpreter\interpreterRuntime.cpp, line 366]
Event: 5.615 Thread 0x15b68400 Exception <a 'java/lang/ArrayIndexOutOfBoundsException': 69> (0x04edf3c0) thrown at [C:\re\workspace\8-2-build-windows-i586-cygwin\jdk8u131\8869\hotspot\src\share\vm\interpreter\interpreterRuntime.cpp, line 366]
Event: 5.615 Thread 0x15b68400 Exception <a 'java/lang/ArrayIndexOutOfBoundsException': 40> (0x04ee30c0) thrown at [C:\re\workspace\8-2-build-windows-i586-cygwin\jdk8u131\8869\hotspot\src\share\vm\interpreter\interpreterRuntime.cpp, line 366]
Event: 5.617 Thread 0x15b68400 Exception <a 'java/lang/ArrayIndexOutOfBoundsException': 56> (0x04f09698) thrown at [C:\re\workspace\8-2-build-windows-i586-cygwin\jdk8u131\8869\hotspot\src\share\vm\interpreter\interpreterRuntime.cpp, line 366]
Event: 9.230 Thread 0x15b68400 Implicit null exception at 0x02d8bf0e to 0x02d8c0e7

Events (10 events):
Event: 7.035 Executing VM operation: RevokeBias
Event: 7.035 Executing VM operation: RevokeBias done
Event: 7.619 Thread 0x1530e800 flushing nmethod 0x02cd7348
Event: 8.139 loading class java/awt/LightweightDispatcher$2
Event: 8.139 loading class java/awt/LightweightDispatcher$2 done
Event: 9.230 Thread 0x15b68400 DEOPT PACKING pc=0x02d8c0ec sp=0x16ced9b0
Event: 9.230 Thread 0x15b68400 DEOPT UNPACKING pc=0x02c5c5db sp=0x16ced880 mode 3
Event: 18.052 Executing VM operation: GenCollectForAllocation
Event: 18.055 Executing VM operation: GenCollectForAllocation done
Event: 18.056 Thread 0x1530e800 flushing nmethod 0x02d8b948


Dynamic libraries:
0x008f0000 - 0x00923000 	C:\Program Files (x86)\Java\jdk1.8.0_131\bin\java.exe
0x76ec0000 - 0x77050000 	C:\WINDOWS\SYSTEM32\ntdll.dll
0x73a80000 - 0x73b60000 	C:\WINDOWS\System32\KERNEL32.DLL
0x74850000 - 0x74a33000 	C:\WINDOWS\System32\KERNELBASE.dll
0x6ebf0000 - 0x6ec8d000 	C:\WINDOWS\SYSTEM32\apphelp.dll
0x742d0000 - 0x74348000 	C:\WINDOWS\System32\ADVAPI32.dll
0x74780000 - 0x7483f000 	C:\WINDOWS\System32\msvcrt.dll
0x74150000 - 0x74194000 	C:\WINDOWS\System32\sechost.dll
0x76690000 - 0x76750000 	C:\WINDOWS\System32\RPCRT4.dll
0x73780000 - 0x737a0000 	C:\WINDOWS\System32\SspiCli.dll
0x73770000 - 0x7377a000 	C:\WINDOWS\System32\CRYPTBASE.dll
0x73bb0000 - 0x73c08000 	C:\WINDOWS\System32\bcryptPrimitives.dll
0x761e0000 - 0x7636d000 	C:\WINDOWS\System32\USER32.dll
0x767c0000 - 0x767d7000 	C:\WINDOWS\System32\win32u.dll
0x767e0000 - 0x76802000 	C:\WINDOWS\System32\GDI32.dll
0x74b20000 - 0x74c84000 	C:\WINDOWS\System32\gdi32full.dll
0x74250000 - 0x742cd000 	C:\WINDOWS\System32\msvcp_win.dll
0x73f90000 - 0x740ae000 	C:\WINDOWS\System32\ucrtbase.dll
0x66e90000 - 0x67094000 	C:\WINDOWS\WinSxS\x86_microsoft.windows.common-controls_6595b64144ccf1df_6.0.17134.48_none_fc5f584151310644\COMCTL32.dll
0x73c80000 - 0x73edc000 	C:\WINDOWS\System32\combase.dll
0x765d0000 - 0x765f6000 	C:\WINDOWS\System32\IMM32.DLL
0x71580000 - 0x715a9000 	C:\WINDOWS\SYSTEM32\ntmarta.dll
0x67dd0000 - 0x67e8f000 	C:\Program Files (x86)\Java\jdk1.8.0_131\jre\bin\msvcr100.dll
0x5fe90000 - 0x6025e000 	C:\Program Files (x86)\Java\jdk1.8.0_131\jre\bin\client\jvm.dll
0x76150000 - 0x76156000 	C:\WINDOWS\System32\PSAPI.DLL
0x6d7a0000 - 0x6d7a8000 	C:\WINDOWS\SYSTEM32\WSOCK32.dll
0x76160000 - 0x761c7000 	C:\WINDOWS\System32\WS2_32.dll
0x73190000 - 0x73198000 	C:\WINDOWS\SYSTEM32\VERSION.dll
0x6ea20000 - 0x6ea44000 	C:\WINDOWS\SYSTEM32\WINMM.dll
0x6e830000 - 0x6e853000 	C:\WINDOWS\SYSTEM32\WINMMBASE.dll
0x74200000 - 0x74239000 	C:\WINDOWS\System32\cfgmgr32.dll
0x68b50000 - 0x68b5c000 	C:\Program Files (x86)\Java\jdk1.8.0_131\jre\bin\verify.dll
0x67da0000 - 0x67dc1000 	C:\Program Files (x86)\Java\jdk1.8.0_131\jre\bin\java.dll
0x675d0000 - 0x675f0000 	C:\Program Files (x86)\Java\jdk1.8.0_131\jre\bin\instrument.dll
0x67d80000 - 0x67d93000 	C:\Program Files (x86)\Java\jdk1.8.0_131\jre\bin\zip.dll
0x74c90000 - 0x75fda000 	C:\WINDOWS\System32\SHELL32.dll
0x76600000 - 0x76689000 	C:\WINDOWS\System32\shcore.dll
0x76810000 - 0x76dca000 	C:\WINDOWS\System32\windows.storage.dll
0x73b60000 - 0x73ba5000 	C:\WINDOWS\System32\shlwapi.dll
0x76370000 - 0x7637f000 	C:\WINDOWS\System32\kernel.appcore.dll
0x76410000 - 0x76428000 	C:\WINDOWS\System32\profapi.dll
0x76770000 - 0x767b5000 	C:\WINDOWS\System32\powrprof.dll
0x73c10000 - 0x73c18000 	C:\WINDOWS\System32\FLTLIB.DLL
0x67180000 - 0x67196000 	C:\Program Files\JetBrains\IntelliJ IDEA Community Edition 2017.3.4\bin\breakgen.dll
0x6f380000 - 0x6f396000 	C:\Program Files (x86)\Java\jdk1.8.0_131\jre\bin\net.dll
0x70850000 - 0x708a6000 	C:\WINDOWS\system32\mswsock.dll
0x6c9b0000 - 0x6caf5000 	C:\Program Files (x86)\Java\jdk1.8.0_131\jre\bin\awt.dll
0x740b0000 - 0x74146000 	C:\WINDOWS\System32\OLEAUT32.dll
0x6e8e0000 - 0x6e903000 	C:\WINDOWS\system32\DWMAPI.DLL
0x6ac10000 - 0x6ac8c000 	C:\WINDOWS\system32\uxtheme.dll
0x6ae50000 - 0x6af29000 	C:\WINDOWS\system32\opengl32.dll
0x6bab0000 - 0x6baef000 	C:\WINDOWS\SYSTEM32\GLU32.dll
0x737a0000 - 0x738e4000 	C:\WINDOWS\System32\MSCTF.dll
0x73980000 - 0x73a7c000 	C:\WINDOWS\System32\ole32.dll
0x6ccc0000 - 0x6ccf9000 	C:\Program Files (x86)\Java\jdk1.8.0_131\jre\bin\fontmanager.dll
0x67d30000 - 0x67d3f000 	C:\Program Files (x86)\Java\jdk1.8.0_131\jre\bin\nio.dll
0x6fe60000 - 0x6fe92000 	C:\Program Files (x86)\Java\jdk1.8.0_131\jre\bin\t2k.dll
0x76380000 - 0x76403000 	C:\WINDOWS\System32\clbcatq.dll
0x63170000 - 0x632e1000 	C:\WINDOWS\SYSTEM32\WindowsCodecs.dll
0x68ad0000 - 0x68b1f000 	C:\WINDOWS\system32\dataexchange.dll
0x68870000 - 0x68ac2000 	C:\WINDOWS\system32\d3d11.dll
0x68730000 - 0x6886c000 	C:\WINDOWS\system32\dcomp.dll
0x6e790000 - 0x6e828000 	C:\WINDOWS\system32\dxgi.dll
0x685c0000 - 0x68725000 	C:\WINDOWS\system32\twinapi.appcore.dll
0x68cd0000 - 0x68cea000 	C:\WINDOWS\system32\RMCLIENT.dll
0x692e0000 - 0x6935e000 	C:\WINDOWS\System32\TextInputFramework.dll
0x68ff0000 - 0x6924d000 	C:\WINDOWS\System32\CoreUIComponents.dll
0x69250000 - 0x692db000 	C:\WINDOWS\System32\CoreMessaging.dll
0x17480000 - 0x17556000 	C:\WINDOWS\SYSTEM32\wintypes.dll
0x6c840000 - 0x6c864000 	C:\Program Files (x86)\Java\jdk1.8.0_131\jre\bin\dcpr.dll
0x17f60000 - 0x17f72000 	C:\Users\Jordy\Downloads\ardulink\winDLLs\32bit\rxtxSerial.dll
0x17f80000 - 0x17fa7000 	C:\WINDOWS\SYSTEM32\crtdll.dll
0x6d2d0000 - 0x6d35e000 	C:\WINDOWS\SYSTEM32\DNSAPI.dll
0x74840000 - 0x74847000 	C:\WINDOWS\System32\NSI.dll
0x73640000 - 0x73670000 	C:\WINDOWS\SYSTEM32\IPHLPAPI.DLL
0x6d2c0000 - 0x6d2c8000 	C:\Windows\System32\rasadhlp.dll
0x6d270000 - 0x6d2bf000 	C:\WINDOWS\System32\fwpuclnt.dll
0x72a40000 - 0x72a59000 	C:\WINDOWS\SYSTEM32\bcrypt.dll
0x67930000 - 0x67ab2000 	C:\WINDOWS\SYSTEM32\dbghelp.dll

VM Arguments:
jvm_args: -Djava.library.path=C:\Users\Jordy\Downloads\ardulink\winDLLs\32bit -javaagent:C:\Program Files\JetBrains\IntelliJ IDEA Community Edition 2017.3.4\lib\idea_rt.jar=61488:C:\Program Files\JetBrains\IntelliJ IDEA Community Edition 2017.3.4\bin -Dfile.encoding=UTF-8 
java_command: Main.Main
java_class_path (initial): C:\Program Files (x86)\Java\jdk1.8.0_131\jre\lib\charsets.jar;C:\Program Files (x86)\Java\jdk1.8.0_131\jre\lib\deploy.jar;C:\Program Files (x86)\Java\jdk1.8.0_131\jre\lib\ext\access-bridge-32.jar;C:\Program Files (x86)\Java\jdk1.8.0_131\jre\lib\ext\cldrdata.jar;C:\Program Files (x86)\Java\jdk1.8.0_131\jre\lib\ext\dnsns.jar;C:\Program Files (x86)\Java\jdk1.8.0_131\jre\lib\ext\jaccess.jar;C:\Program Files (x86)\Java\jdk1.8.0_131\jre\lib\ext\jfxrt.jar;C:\Program Files (x86)\Java\jdk1.8.0_131\jre\lib\ext\localedata.jar;C:\Program Files (x86)\Java\jdk1.8.0_131\jre\lib\ext\nashorn.jar;C:\Program Files (x86)\Java\jdk1.8.0_131\jre\lib\ext\sunec.jar;C:\Program Files (x86)\Java\jdk1.8.0_131\jre\lib\ext\sunjce_provider.jar;C:\Program Files (x86)\Java\jdk1.8.0_131\jre\lib\ext\sunmscapi.jar;C:\Program Files (x86)\Java\jdk1.8.0_131\jre\lib\ext\sunpkcs11.jar;C:\Program Files (x86)\Java\jdk1.8.0_131\jre\lib\ext\zipfs.jar;C:\Program Files (x86)\Java\jdk1.8.0_131\jre\lib\javaws.jar;C:\Program Files (x86)\Java\jdk1.8.0_131\jre\lib\jce.jar;C:\Program Files (x86)\Java\jdk1.8.0_131\jre\lib\jfr.jar;C:\Program Files (x86)\Java\jdk1.8.0_131\jre\lib\jfxswt.jar;C:\Program Files (x86)\Java\jdk1.8.0_131\jre\lib\jsse.jar;C:\Program Files (x86)\Java\jdk1.8.0_131\jre\lib\management-agent.jar;C:\Program Files (x86)\Java\jdk1.8.0_131\jre\lib\plugin.jar;C:\Program Files (x86)\Java\jdk1.8.0_131\jre\lib\resources.jar;C:\Program Files (x86)\Java\jdk1.8.0_131\jre\lib\rt.jar;C:\Users\Jordy\IdeaProjects\ControlApplication\out\production\ControlApplication;C:\Users\Jordy\Downloads\mysql-connector-java-8.0.11\mysql-connector-java-8.0.11.jar;C:\Users\Jordy\Downloads\ardulink\winDLLs\32bit\RXTXcomm.jar;C:\Users\Jordy\Downloads\ardulink\winDLLs\32bit\rxtx-2.1.7.jar;C:\Users\Jordy\Downloads\gson-2.8.4.jar;C:\Program Files\JetBrains\IntelliJ IDEA Community Edition 2017.3.4\lib\idea_rt.jar
Launcher Type: SUN_STANDARD

Environment Variables:
PATH=C:\Program Files (x86)\Common Files\Oracle\Java\javapath;C:\Program Files\Microsoft MPI\Bin\;C:\ProgramData\Oracle\Java\javapath;C:\Program Files (x86)\Intel\iCLS Client\;C:\Program Files\Intel\iCLS Client\;C:\Windows\system32;C:\Windows;C:\Windows\System32\Wbem;C:\Windows\System32\WindowsPowerShell\v1.0\;C:\Program Files (x86)\Intel\Intel(R) Management Engine Components\DAL;C:\Program Files\Intel\Intel(R) Management Engine Components\DAL;C:\Program Files (x86)\Intel\Intel(R) Management Engine Components\IPT;C:\Program Files\Intel\Intel(R) Management Engine Components\IPT;C:\Program Files\nodejs\;C:\Program Files (x86)\NVIDIA Corporation\PhysX\Common;C:\Program Files (x86)\GtkSharp\2.12\bin;C:\Program Files\Microsoft SQL Server\130\Tools\Binn\;C:\Program Files\dotnet\;C:\Program Files\Git\cmd;C:\WINDOWS\system32;C:\WINDOWS;C:\WINDOWS\System32\Wbem;C:\WINDOWS\System32\WindowsPowerShell\v1.0\;C:\xampp\php;C:\ProgramData\ComposerSetup\bin;C:\WINDOWS\System32\OpenSSH\;C:\Users\Jordy\AppData\Local\Microsoft\WindowsApps;C:\Users\Jordy\AppData\Roaming\npm;C:\Users\Jordy\AppData\Roaming\Composer\vendor\bin;
USERNAME=Jordy
OS=Windows_NT
PROCESSOR_IDENTIFIER=Intel64 Family 6 Model 158 Stepping 9, GenuineIntel



---------------  S Y S T E M  ---------------

OS: Windows 10.0 , 64 bit Build 17134 (10.0.17134.1)

CPU:total 8 (initial active 8) (4 cores per cpu, 2 threads per core) family 6 model 158 stepping 9, cmov, cx8, fxsr, mmx, sse, sse2, sse3, ssse3, sse4.1, sse4.2, popcnt, avx, avx2, aes, clmul, erms, 3dnowpref, lzcnt, ht, tsc, tscinvbit, bmi1, bmi2, adx

Memory: 4k page, physical 16625604k(9625628k free), swap 19115972k(9510348k free)

vm_info: Java HotSpot(TM) Client VM (25.131-b11) for windows-x86 JRE (1.8.0_131-b11), built on Mar 15 2017 01:26:29 by "java_re" with MS VC++ 10.0 (VS2010)

time: Tue May 22 10:23:25 2018
elapsed time: 30 seconds (0d 0h 0m 30s)

